<?xml version="1.0" encoding="UTF-8"?>
<!-- Generated by org.testng.reporters.JUnitReportReporter -->
<testsuite hostname="DESKTOP-J7LJ4M1" failures="0" tests="1" name="com.vtiger.organizationTest.Org_DropdownTest" time="21.767" errors="0" timestamp="2022-05-17T22:20:38 GMT-07:00" skipped="0">
  <testcase classname="com.vtiger.organizationTest.Org_DropdownTest" name="org_DropDowntTest" time="21.767"/>
  <system-out/>
</testsuite> <!-- com.vtiger.organizationTest.Org_DropdownTest -->
