<?xml version="1.0" encoding="UTF-8"?>
<!-- Generated by org.testng.reporters.JUnitReportReporter -->
<testsuite hostname="DESKTOP-J7LJ4M1" failures="0" tests="2" name="com.vtiger.practice.PracticeTest" time="0.004" errors="0" timestamp="2022-05-18T00:56:58 GMT-07:00" skipped="0">
  <testcase classname="com.vtiger.practice.PracticeTest" name="practiceTest" time="0.002"/>
  <system-out>
    <![CDATA[test case1]]>
  </system-out>
  <testcase classname="com.vtiger.practice.PracticeTest" name="practiceTest" time="0.002"/>
  <system-out>
    <![CDATA[test case1]]>
  </system-out>
</testsuite> <!-- com.vtiger.practice.PracticeTest -->
