<?xml version="1.0" encoding="UTF-8"?>
<!-- Generated by org.testng.reporters.JUnitReportReporter -->
<testsuite hostname="DESKTOP-J7LJ4M1" failures="0" tests="13" name="com.vtiger.practice.TestNGPracticeTest" time="0.040" errors="0" timestamp="2022-05-18T01:54:35 GMT-07:00" skipped="0">
  <testcase classname="com.vtiger.practice.TestNGPracticeTest" name="practiceTest" time="0.001"/>
  <system-out>
    <![CDATA[admin6  ----->   admin6]]>
  </system-out>
  <testcase classname="com.vtiger.practice.TestNGPracticeTest" name="practiceTest" time="0.003"/>
  <system-out>
    <![CDATA[admin10  ----->   admin10]]>
  </system-out>
  <testcase classname="com.vtiger.practice.TestNGPracticeTest" name="practiceTest" time="0.003"/>
  <system-out>
    <![CDATA[admin4  ----->   admin4]]>
  </system-out>
  <testcase classname="com.vtiger.practice.TestNGPracticeTest" name="practiceTest" time="0.001"/>
  <system-out>
    <![CDATA[admin2  ----->   admin2]]>
  </system-out>
  <testcase classname="com.vtiger.practice.TestNGPracticeTest" name="practiceTest" time="0.002"/>
  <system-out>
    <![CDATA[admin7  ----->   admin7]]>
  </system-out>
  <testcase classname="com.vtiger.practice.TestNGPracticeTest" name="practiceTest" time="0.003"/>
  <system-out>
    <![CDATA[admin  ----->   admin]]>
  </system-out>
  <testcase classname="com.vtiger.practice.TestNGPracticeTest" name="practiceTest" time="0.008"/>
  <system-out>
    <![CDATA[username  ----->   password]]>
  </system-out>
  <testcase classname="com.vtiger.practice.TestNGPracticeTest" name="practiceTest" time="0.002"/>
  <system-out>
    <![CDATA[admin11  ----->   admin11]]>
  </system-out>
  <testcase classname="com.vtiger.practice.TestNGPracticeTest" name="practiceTest" time="0.002"/>
  <system-out>
    <![CDATA[admin3  ----->   admin3]]>
  </system-out>
  <testcase classname="com.vtiger.practice.TestNGPracticeTest" name="practiceTest" time="0.001"/>
  <system-out>
    <![CDATA[admin8  ----->   admin8]]>
  </system-out>
  <testcase classname="com.vtiger.practice.TestNGPracticeTest" name="practiceTest" time="0.010"/>
  <system-out>
    <![CDATA[admin9  ----->   admin9]]>
  </system-out>
  <testcase classname="com.vtiger.practice.TestNGPracticeTest" name="practiceTest" time="0.002"/>
  <system-out>
    <![CDATA[admin1  ----->   admin1]]>
  </system-out>
  <testcase classname="com.vtiger.practice.TestNGPracticeTest" name="practiceTest" time="0.002"/>
  <system-out>
    <![CDATA[admin5  ----->   admin5]]>
  </system-out>
</testsuite> <!-- com.vtiger.practice.TestNGPracticeTest -->
