<?xml version="1.0" encoding="UTF-8"?>
<!-- Generated by org.testng.reporters.JUnitReportReporter -->
<testsuite hostname="DESKTOP-J7LJ4M1" failures="0" tests="2" name="com.vtiger.practice.TestNgBasicConfigAnnotationsPracticeTest$PracticeTest" time="0.014" errors="0" timestamp="2022-05-19T21:22:53 GMT-07:00" skipped="0">
  <testcase classname="com.vtiger.practice.TestNgBasicConfigAnnotationsPracticeTest$PracticeTest" name="teststep1Test" time="0.010"/>
  <system-out>
    <![CDATA[test case1]]>
  </system-out>
  <testcase classname="com.vtiger.practice.TestNgBasicConfigAnnotationsPracticeTest$PracticeTest" name="teststep2Test" time="0.004"/>
  <system-out>
    <![CDATA[test case2]]>
  </system-out>
</testsuite> <!-- com.vtiger.practice.TestNgBasicConfigAnnotationsPracticeTest$PracticeTest -->
