<?xml version="1.0" encoding="UTF-8"?>
<!-- Generated by org.testng.reporters.JUnitReportReporter -->
<testsuite hostname="DESKTOP-J7LJ4M1" failures="0" tests="1" name="com.vtiger.product.CreateProduct_CompanionTest" time="29.005" errors="0" timestamp="2022-05-17T04:58:56 GMT-07:00" skipped="0">
  <testcase classname="com.vtiger.product.CreateProduct_CompanionTest" name="createProduct_CompanionTest" time="29.005"/>
  <system-out/>
</testsuite> <!-- com.vtiger.product.CreateProduct_CompanionTest -->
