<?xml version="1.0" encoding="UTF-8"?>
<!-- Generated by org.testng.reporters.JUnitReportReporter -->
<testsuite hostname="DESKTOP-J7LJ4M1" failures="0" tests="1" name="com.vtiger.contactsTestAssignment.AttachFileWithspecificFile_Format" time="22.401" errors="0" timestamp="2022-05-17T23:51:18 GMT-07:00" skipped="0">
  <testcase classname="com.vtiger.contactsTestAssignment.AttachFileWithspecificFile_Format" name="attachFileWithSpecificFormat" time="22.401"/>
  <system-out/>
</testsuite> <!-- com.vtiger.contactsTestAssignment.AttachFileWithspecificFile_Format -->
