<?xml version="1.0" encoding="UTF-8"?>
<!-- Generated by org.testng.reporters.JUnitReportReporter -->
<testsuite hostname="DESKTOP-J7LJ4M1" failures="0" tests="1" name="com.vtiger.contactsTest.CreateContactsTest1" time="18.109" errors="0" timestamp="2022-05-17T23:24:03 GMT-07:00" skipped="0">
  <testcase classname="com.vtiger.contactsTest.CreateContactsTest1" name="creatContactTest" time="18.109"/>
  <system-out/>
</testsuite> <!-- com.vtiger.contactsTest.CreateContactsTest1 -->
