<?xml version="1.0" encoding="UTF-8"?>
<!-- Generated by org.testng.reporters.JUnitReportReporter -->
<testsuite hostname="DESKTOP-J7LJ4M1" failures="0" tests="1" name="com.vtiger.contactsTestAssignment.SearchContact_with_Onefield" time="16.015" errors="0" timestamp="2022-05-18T00:34:33 GMT-07:00" skipped="0">
  <testcase classname="com.vtiger.contactsTestAssignment.SearchContact_with_Onefield" name="searchContact_with_OnefieldTest" time="16.015"/>
  <system-out/>
</testsuite> <!-- com.vtiger.contactsTestAssignment.SearchContact_with_Onefield -->
